[2022-11-05 11:58:45] laravel.EMERGENCY: Unable to create configured logger. Using emergency logger. {"exception":"[object] (InvalidArgumentException(code: 0): Log [] is not defined. at E:\\laragon\\www\\project\\hrpertamina\\vendor\\laravel\\framework\\src\\Illuminate\\Log\\LogManager.php:200)
[stacktrace]
#0 E:\\laragon\\www\\project\\hrpertamina\\vendor\\laravel\\framework\\src\\Illuminate\\Log\\LogManager.php(125): Illuminate\\Log\\LogManager->resolve(NULL, NULL)
#1 E:\\laragon\\www\\project\\hrpertamina\\vendor\\laravel\\framework\\src\\Illuminate\\Log\\LogManager.php(112): Illuminate\\Log\\LogManager->get(NULL)
#2 E:\\laragon\\www\\project\\hrpertamina\\vendor\\laravel\\framework\\src\\Illuminate\\Log\\LogManager.php(590): Illuminate\\Log\\LogManager->driver()
#3 E:\\laragon\\www\\project\\hrpertamina\\vendor\\laravel\\framework\\src\\Illuminate\\Foundation\\Exceptions\\Handler.php(252): Illuminate\\Log\\LogManager->error('Directory name ...', Array)
#4 E:\\laragon\\www\\project\\hrpertamina\\vendor\\laravel\\framework\\src\\Illuminate\\Foundation\\Console\\Kernel.php(366): Illuminate\\Foundation\\Exceptions\\Handler->report(Object(RuntimeException))
#5 E:\\laragon\\www\\project\\hrpertamina\\vendor\\laravel\\framework\\src\\Illuminate\\Foundation\\Console\\Kernel.php(131): Illuminate\\Foundation\\Console\\Kernel->reportException(Object(RuntimeException))
#6 E:\\laragon\\www\\project\\hrpertamina\\artisan(37): Illuminate\\Foundation\\Console\\Kernel->handle(Object(Symfony\\Component\\Console\\Input\\ArgvInput), Object(Symfony\\Component\\Console\\Output\\ConsoleOutput))
#7 {main}
"} 
[2022-11-05 11:58:45] laravel.ERROR: Directory name must not be empty. {"exception":"[object] (RuntimeException(code: 0): Directory name must not be empty. at E:\\laragon\\www\\project\\hrpertamina\\vendor\\symfony\\finder\\Iterator\\RecursiveDirectoryIterator.php:48)
[stacktrace]
#0 E:\\laragon\\www\\project\\hrpertamina\\vendor\\symfony\\finder\\Iterator\\RecursiveDirectoryIterator.php(48): RecursiveDirectoryIterator->__construct('', 4096)
#1 E:\\laragon\\www\\project\\hrpertamina\\vendor\\symfony\\finder\\Finder.php(740): Symfony\\Component\\Finder\\Iterator\\RecursiveDirectoryIterator->__construct('', 4096, false)
#2 E:\\laragon\\www\\project\\hrpertamina\\vendor\\symfony\\finder\\Finder.php(618): Symfony\\Component\\Finder\\Finder->searchInDirectory('')
#3 E:\\laragon\\www\\project\\hrpertamina\\vendor\\laravel\\framework\\src\\Illuminate\\Foundation\\Bootstrap\\LoadConfiguration.php(88): Symfony\\Component\\Finder\\Finder->getIterator()
#4 E:\\laragon\\www\\project\\hrpertamina\\vendor\\laravel\\framework\\src\\Illuminate\\Foundation\\Bootstrap\\LoadConfiguration.php(65): Illuminate\\Foundation\\Bootstrap\\LoadConfiguration->getConfigurationFiles(Object(Illuminate\\Foundation\\Application))
#5 E:\\laragon\\www\\project\\hrpertamina\\vendor\\laravel\\framework\\src\\Illuminate\\Foundation\\Bootstrap\\LoadConfiguration.php(39): Illuminate\\Foundation\\Bootstrap\\LoadConfiguration->loadConfigurationFiles(Object(Illuminate\\Foundation\\Application), Object(Illuminate\\Config\\Repository))
#6 E:\\laragon\\www\\project\\hrpertamina\\vendor\\laravel\\framework\\src\\Illuminate\\Foundation\\Application.php(237): Illuminate\\Foundation\\Bootstrap\\LoadConfiguration->bootstrap(Object(Illuminate\\Foundation\\Application))
#7 E:\\laragon\\www\\project\\hrpertamina\\vendor\\laravel\\framework\\src\\Illuminate\\Foundation\\Console\\Kernel.php(310): Illuminate\\Foundation\\Application->bootstrapWith(Array)
#8 E:\\laragon\\www\\project\\hrpertamina\\vendor\\laravel\\framework\\src\\Illuminate\\Foundation\\Console\\Kernel.php(127): Illuminate\\Foundation\\Console\\Kernel->bootstrap()
#9 E:\\laragon\\www\\project\\hrpertamina\\artisan(37): Illuminate\\Foundation\\Console\\Kernel->handle(Object(Symfony\\Component\\Console\\Input\\ArgvInput), Object(Symfony\\Component\\Console\\Output\\ConsoleOutput))
#10 {main}
"} 
